#
# A fatal error has been detected by the Java Runtime Environment:
#
#  EXCEPTION_ACCESS_VIOLATION (0xc0000005) at pc=0x00007ffcfb9b3004, pid=3496, tid=5744
#
# JRE version: Java(TM) SE Runtime Environment (24.0.1+9) (build 24.0.1+9-30)
# Java VM: Java HotSpot(TM) 64-Bit Server VM (24.0.1+9-30, mixed mode, sharing, tiered, compressed oops, compressed class ptrs, g1 gc, windows-amd64)
# Problematic frame:
# C  [libasyncProfiler.dll+0x93004]
#
# No core dump will be written. Minidumps are not enabled by default on client versions of Windows
#
# If you would like to submit a bug report, please visit:
#   https://bugreport.java.com/bugreport/crash.jsp
# The crash happened outside the Java Virtual Machine in native code.
# See problematic frame for where to report the bug.
#

---------------  S U M M A R Y ------------

Command Line: -agentlib:jdwp=transport=dt_socket,address=127.0.0.1:60064,suspend=y,server=n -agentpath:C:\Users\DILEISY\AppData\Local\Temp\idea_libasyncProfiler_dll_temp_folder2\libasyncProfiler.dll=version,jfr,event=wall,interval=10ms,cstack=no,file=C:\Users\DILEISY\IdeaSnapshots\HelloApplication_2025_07_18_010343.jfr,dbghelppath=C:\Users\DILEISY\AppData\Local\Temp\idea_dbghelp_dll_temp_folder\dbghelp.dll,log=C:\Users\DILEISY\AppData\Local\Temp\HelloApplication_2025_07_18_010343.jfr.log.txt,logLevel=DEBUG -javaagent:C:\Users\DILEISY\AppData\Local\JetBrains\IntelliJIdea2024.3\captureAgent\debugger-agent.jar -Dkotlinx.coroutines.debug.enable.creation.stack.trace=false -Ddebugger.agent.enable.coroutines=true -Dkotlinx.coroutines.debug.enable.flows.stack.trace=true -Dkotlinx.coroutines.debug.enable.mutable.state.flows.stack.trace=true -Dfile.encoding=UTF-8 -Dsun.stdout.encoding=UTF-8 -Dsun.stderr.encoding=UTF-8 --module-path=C:\Users\DILEISY\.m2\repository\org\kordamp\bootstrapfx\bootstrapfx-core\0.4.0\bootstrapfx-core-0.4.0.jar;C:\Users\DILEISY\.m2\repository\org\openjfx\javafx-fxml\21\javafx-fxml-21-win.jar;C:\Users\DILEISY\.m2\repository\org\openjfx\javafx-graphics\21\javafx-graphics-21-win.jar;C:\Users\DILEISY\.m2\repository\com\fasterxml\jackson\core\jackson-annotations\2.15.3\jackson-annotations-2.15.3.jar;C:\Users\DILEISY\.m2\repository\org\openjfx\javafx-base\21\javafx-base-21-win.jar;C:\Users\DILEISY\.m2\repository\org\mindrot\jbcrypt\0.4\jbcrypt-0.4.jar;C:\Users\DILEISY\IdeaProjects\proyectoGaticueva\target\classes;C:\Users\DILEISY\.m2\repository\com\fasterxml\jackson\core\jackson-databind\2.15.3\jackson-databind-2.15.3.jar;C:\Users\DILEISY\.m2\repository\com\fasterxml\jackson\datatype\jackson-datatype-jsr310\2.17.1\jackson-datatype-jsr310-2.17.1.jar;C:\Users\DILEISY\.m2\repository\org\openjfx\javafx-controls\21\javafx-controls-21-win.jar;C:\Users\DILEISY\.m2\repository\com\fasterxml\jackson\core\jackson-core\2.15.3\jackson-core-2.15.3.jar -Djdk.module.main=com.example.proyectogaticueva com.example.proyectogaticueva/com.example.proyectogaticueva.HelloApplication

Host: Intel(R) Core(TM) i3-7020U CPU @ 2.30GHz, 4 cores, 7G,  Windows 10 , 64 bit Build 19041 (10.0.19041.5915)
Time: Fri Jul 18 01:04:26 2025 Hora est. Pacífico, Sudamérica elapsed time: 42.512876 seconds (0d 0h 0m 42s)

---------------  T H R E A D  ---------------

Current thread (0x00000213a88e7e20):  JavaThread "Attach Listener" daemon [_thread_in_native, id=5744, stack(0x0000003683a00000,0x0000003683b00000) (1024K)]

Stack: [0x0000003683a00000,0x0000003683b00000],  sp=0x0000003683aff170,  free space=1020k
Native frames: (J=compiled Java code, j=interpreted, Vv=VM code, C=native code)
C  [libasyncProfiler.dll+0x93004]  (no source info available)
C  [libasyncProfiler.dll+0x934db]  (no source info available)
C  [libasyncProfiler.dll+0x92134]  (no source info available)
C  [libasyncProfiler.dll+0x929aa]  (no source info available)
C  [libasyncProfiler.dll+0x8d561]  (no source info available)
C  [libasyncProfiler.dll+0x7ef21]  (no source info available)
C  [libasyncProfiler.dll+0x7dc38]  (no source info available)
C  [libasyncProfiler.dll+0x7db20]  (no source info available)
C  [libasyncProfiler.dll+0x84af9]  (no source info available)
V  [jvm.dll+0x57eff7]  (no source info available)
V  [jvm.dll+0x57fdac]  (no source info available)
V  [jvm.dll+0x14ca17]  (no source info available)
V  [jvm.dll+0x14dfe1]  (no source info available)
V  [jvm.dll+0x42f456]  (no source info available)
V  [jvm.dll+0x87d76b]  (no source info available)
V  [jvm.dll+0x72ee55]  (no source info available)
C  [ucrtbase.dll+0x21bb2]  (no source info available)
C  [KERNEL32.DLL+0x17374]  (no source info available)
C  [ntdll.dll+0x4cc91]  (no source info available)


siginfo: EXCEPTION_ACCESS_VIOLATION (0xc0000005), reading address 0xffffffffffffffff


Registers:
RAX=0x0000000000000010, RBX=0x0000000000000000, RCX=0xffffffffffffffff, RDX=0x007ffcf155301010
RSP=0x0000003683aff170, RBP=0x00000213a88d0fb0, RSI=0x0000003683aff2e0, RDI=0x00000213a88d0fb0
R8 =0x0000000000000042, R9 =0x0000000081e00030, R10=0x00007ffcf17c9fb0, R11=0x000000000000005a
R12=0x0000003683aff2e0, R13=0x000002138956b000, R14=0x00000213a88e81e8, R15=0x00000213a88e81e8
RIP=0x00007ffcfb9b3004, EFLAGS=0x0000000000010202

XMM[0]=0x0000000000000000 0x0000000000000000
XMM[1]=0x0000000000000000 0x0000000000000000
XMM[2]=0x0000000000000000 0x0000000000000000
XMM[3]=0x0000000000000000 0x0000000000000000
XMM[4]=0x0000000000000000 0x0000000000000000
XMM[5]=0x0000000000000000 0x0000000000000000
XMM[6]=0x0000000000000000 0x0000000000000000
XMM[7]=0x0000000000000000 0x0000000000000000
XMM[8]=0x0000000000000000 0x0000000000000000
XMM[9]=0x0000000000000000 0x0000000000000000
XMM[10]=0x0000000000000000 0x0000000000000000
XMM[11]=0x0000000000000000 0x0000000000000000
XMM[12]=0x0000000000000000 0x0000000000000000
XMM[13]=0x0000000000000000 0x0000000000000000
XMM[14]=0x0000000000000000 0x0000000000000000
XMM[15]=0x0000000000000000 0x0000000000000000
  MXCSR=0x00001fa0


Register to memory mapping:

RAX=0x0000000000000010 is an unknown value
RBX=0x0 is null
RCX=0xffffffffffffffff is an unknown value
RDX=0x007ffcf155301010 is an unknown value
RSP=0x0000003683aff170 is pointing into the stack for thread: 0x00000213a88e7e20
RBP=0x00000213a88d0fb0 points into unknown readable memory: 0x0000000081e00030 | 30 00 e0 81 00 00 00 00
RSI=0x0000003683aff2e0 is pointing into the stack for thread: 0x00000213a88e7e20
RDI=0x00000213a88d0fb0 points into unknown readable memory: 0x0000000081e00030 | 30 00 e0 81 00 00 00 00
R8 =0x0000000000000042 is an unknown value
R9 =0x0000000081e00030 is an oop: java.lang.Thread 
{0x0000000081e00030} - klass: 'java/lang/Thread' - flags: 

 - ---- fields (total size 14 words):
 - 'threadLocalRandomProbe' 'I' @12  0 (0x00000000)
 - private volatile 'eetop' 'J' @16  2282962495872 (0x000002138b2b2980)
 - private final 'tid' 'J' @24  3 (0x0000000000000003)
 - 'threadLocalRandomSeed' 'J' @32  0 (0x0000000000000000)
 - injected 'jvmti_thread_state' 'J' @40  2282931631664 (0x0000021389543630)
 - 'threadLocalRandomSecondarySeed' 'I' @48  0 (0x00000000)
 - injected 'jvmti_VTMS_transition_disable_count' 'I' @52  0 (0x00000000)
 - injected 'jfr_epoch' 'S' @56  0 (0x0000)
 - volatile 'interrupted' 'Z' @58  false (0x00)
 - injected 'jvmti_is_in_VTMS_transition' 'Z' @59  false (0x00)
 - private volatile 'name' 'Ljava/lang/String;' @60  "main"{0x0000000081fec790} (0x81fec790)
 - private volatile 'contextClassLoader' 'Ljava/lang/ClassLoader;' @64  a 'jdk/internal/loader/ClassLoaders$AppClassLoader'{0x0000000081e01020} (0x81e01020)
 - private final 'holder' 'Ljava/lang/Thread$FieldHolder;' @68  a 'java/lang/Thread$FieldHolder'{0x0000000081fec7c0} (0x81fec7c0)
 - 'threadLocals' 'Ljava/lang/ThreadLocal$ThreadLocalMap;' @72  a 'java/lang/ThreadLocal$ThreadLocalMap'{0x0000000081fec7e8} (0x81fec7e8)
 - 'inheritableThreadLocals' 'Ljava/lang/ThreadLocal$ThreadLocalMap;' @76  null (0x00000000)
 - private 'scopedValueBindings' 'Ljava/lang/Object;' @80  a 'java/lang/Class'{0x00000000ffe7c890} = 'java/lang/Thread' (0xffe7c890)
 - final 'interruptLock' 'Ljava/lang/Object;' @84  a 'java/lang/Object'{0x0000000081fecad8} (0x81fecad8)
 - private volatile 'parkBlocker' 'Ljava/lang/Object;' @88  a 'java/util/concurrent/CountDownLatch$Sync'{0x0000000081e00010} (0x81e00010)
 - private 'nioBlocker' 'Lsun/nio/ch/Interruptible;' @92  null (0x00000000)
 - private 'cont' 'Ljdk/internal/vm/Continuation;' @96  null (0x00000000)
 - private volatile 'uncaughtExceptionHandler' 'Ljava/lang/Thread$UncaughtExceptionHandler;' @100  null (0x00000000)
 - private 'container' 'Ljdk/internal/vm/ThreadContainer;' @104  null (0x00000000)
 - private volatile 'headStackableScopes' 'Ljdk/internal/vm/StackableScope;' @108  null (0x00000000)
R10=0x00007ffcf17c9fb0 jvm.dll
R11=0x000000000000005a is an unknown value
R12=0x0000003683aff2e0 is pointing into the stack for thread: 0x00000213a88e7e20
R13=0x000002138956b000 points into unknown readable memory: 0x00007ffcf173a510 | 10 a5 73 f1 fc 7f 00 00
R14=0x00000213a88e81e8 points into unknown readable memory: 0x00007ffcf17317b0 | b0 17 73 f1 fc 7f 00 00
R15=0x00000213a88e81e8 points into unknown readable memory: 0x00007ffcf17317b0 | b0 17 73 f1 fc 7f 00 00

Top of Stack: (sp=0x0000003683aff170)
0x0000003683aff170:   0000003683aff2e0 00000213a88d0fb0   ....6...........
0x0000003683aff180:   0000000000000000 00000213a88e8570   ........p.......
0x0000003683aff190:   0000000000000029 00007ffcfb9b34db   )........4......
0x0000003683aff1a0:   0000000000000000 00000213a88e81e8   ................
0x0000003683aff1b0:   0000003683aff201 0000000000000000   ....6...........
0x0000003683aff1c0:   00000213ef4b7c00 00007ffcfb9b2134   .|K.....4!......
0x0000003683aff1d0:   0000000000000000 0000000000000029   ........).......
0x0000003683aff1e0:   0000000000000000 0000000000000029   ........).......
0x0000003683aff1f0:   0000001100000000 00000213f58fa870   ........p.......
0x0000003683aff200:   00000213ef4b7c00 00000213ef4b7ca4   .|K......|K.....
0x0000003683aff210:   00000213ef4b7ca8 0000003600004840   .|K.....@H..6...
0x0000003683aff220:   0000000000000000 0000000000000000   ................
0x0000003683aff230:   0000000000000000 00007ffcf0f957d4   .........W......
0x0000003683aff240:   00007ffcfbb0ae00 0000000000000da8   ................
0x0000003683aff250:   00007ffcfbb0ae00 00000000ffffffff   ................
0x0000003683aff260:   0000000000000000 00007ffcfb9b29aa   .........)......
0x0000003683aff270:   00000213a88e81e8 0000000000000000   ................
0x0000003683aff280:   0000003683aff2e9 000002138956b000   ....6.....V.....
0x0000003683aff290:   000002130000662c 0000000000000000   ,f..............
0x0000003683aff2a0:   0000021389470000 00000213eeaf2d20   ..G..... -......
0x0000003683aff2b0:   00000213a88e81e8 00007ffcfbb0ae00   ................
0x0000003683aff2c0:   0000000000100000 0000000000001000   ................
0x0000003683aff2d0:   0000003683aff478 00000213a88e81e8   x...6...........
0x0000003683aff2e0:   00000213f57735c0 00000213f5773ae0   .5w......:w.....
0x0000003683aff2f0:   00000213f5773ae0 00007ffcfbb0ae00   .:w.............
0x0000003683aff300:   0000003683aff478 0000021389530000   x...6.....S.....
0x0000003683aff310:   0000003683aff5b0 0000000000008840   ....6...@.......
0x0000003683aff320:   0000003683aff790 00007ffcfbb0ae50   ....6...P.......
0x0000003683aff330:   0000000000989680 0000000000989680   ................
0x0000003683aff340:   0000003683aff450 00007ffcfb9ad561   P...6...a.......
0x0000003683aff350:   00007ffcfbb0ae00 00007ffcfbb0ae58   ........X.......
0x0000003683aff360:   00007ffc00000000 0000021300000001   ................

Instructions: (pc=0x00007ffcfb9b3004)
  0x00007ffcfb9b2f04:   cc cc cc cc cc cc cc cc cc cc cc cc cc cc cc cc
  0x00007ffcfb9b2f14:   cc cc cc cc cc cc cc cc cc cc cc cc cc cc cc cc
  0x00007ffcfb9b2f24:   cc cc cc cc cc cc cc cc cc cc cc cc cc cc cc cc
  0x00007ffcfb9b2f34:   cc cc cc cc cc cc cc cc cc cc cc cc cc cc cc cc
  0x00007ffcfb9b2f44:   cc cc cc cc cc cc cc cc cc cc cc cc cc cc cc cc
  0x00007ffcfb9b2f54:   cc cc cc cc cc cc cc cc cc cc cc cc cc cc cc cc
  0x00007ffcfb9b2f64:   cc cc cc cc cc cc cc cc cc cc cc cc cc cc cc cc
  0x00007ffcfb9b2f74:   cc cc cc cc cc cc cc cc cc cc cc cc cc cc cc cc
  0x00007ffcfb9b2f84:   cc cc cc cc cc cc cc cc cc cc cc cc 40 57 48 83
  0x00007ffcfb9b2f94:   ec 20 48 8b f9 48 8b 0d 30 80 15 00 48 85 c9 74
  0x00007ffcfb9b2fa4:   20 48 8b 01 48 8d 54 24 38 41 b8 06 00 01 00 4c
  0x00007ffcfb9b2fb4:   8b 48 30 41 ff d1 85 c0 75 07 48 8b 4c 24 38 eb
  0x00007ffcfb9b2fc4:   02 33 c9 4c 8b 05 0a 81 15 00 48 89 5c 24 30 4d
  0x00007ffcfb9b2fd4:   85 c0 74 4a 48 8b 01 48 8b d7 4c 8b 88 28 03 00
  0x00007ffcfb9b2fe4:   00 41 ff d1 48 85 c0 74 35 48 63 0d b8 3d 15 00
  0x00007ffcfb9b2ff4:   48 8b 14 01 48 85 d2 74 15 48 63 05 bc 3d 15 00
=>0x00007ffcfb9b3004:   8b 04 10 48 8b 5c 24 30 48 83 c4 20 5f c3 b8 ff
  0x00007ffcfb9b3014:   ff ff ff 48 8b 5c 24 30 48 83 c4 20 5f c3 80 3d
  0x00007ffcfb9b3024:   bb 7f 15 00 00 bb ff ff ff ff 74 20 4c 8b 0d 51
  0x00007ffcfb9b3034:   7c 15 00 4c 8d 44 24 38 48 8b 0d 35 7c 15 00 48
  0x00007ffcfb9b3044:   8b d7 41 ff d1 85 c0 0f 44 5c 24 38 8b c3 48 8b
  0x00007ffcfb9b3054:   5c 24 30 48 83 c4 20 5f c3 cc cc cc cc cc cc cc
  0x00007ffcfb9b3064:   cc cc cc cc cc cc cc cc cc cc cc cc cc cc cc cc
  0x00007ffcfb9b3074:   cc cc cc cc cc cc cc cc cc cc cc cc cc cc cc cc
  0x00007ffcfb9b3084:   cc cc cc cc cc cc cc cc cc cc cc cc 48 89 54 24
  0x00007ffcfb9b3094:   10 53 55 56 57 41 56 41 57 48 83 ec 28 48 8b f2
  0x00007ffcfb9b30a4:   4c 8b f1 48 89 4c 24 78 45 33 ff 44 89 7c 24 68
  0x00007ffcfb9b30b4:   c7 44 24 60 01 00 00 00 48 8d 4c 24 68 e8 69 3c
  0x00007ffcfb9b30c4:   f7 ff 8b d8 48 8d 4c 24 60 e8 5d 3c f7 ff 8b e8
  0x00007ffcfb9b30d4:   49 8b ce e8 33 f3 f6 ff 48 8b f8 90 8b c3 f0 0f
  0x00007ffcfb9b30e4:   b1 2f 74 04 f3 90 eb f4 4c 89 3e 4c 89 7e 08 4c
  0x00007ffcfb9b30f4:   89 7e 10 49 8b 6e 08 4d 8b 76 10 49 3b ee 0f 84


Stack slot to memory mapping:

stack at sp + 0 slots: 0x0000003683aff2e0 is pointing into the stack for thread: 0x00000213a88e7e20
stack at sp + 1 slots: 0x00000213a88d0fb0 points into unknown readable memory: 0x0000000081e00030 | 30 00 e0 81 00 00 00 00
stack at sp + 2 slots: 0x0 is null
stack at sp + 3 slots: 0x00000213a88e8570 points into unknown readable memory: 0x6e616c2e6176616a | 6a 61 76 61 2e 6c 61 6e
stack at sp + 4 slots: 0x0000000000000029 is an unknown value
stack at sp + 5 slots: 0x00007ffcfb9b34db libasyncProfiler.dll
stack at sp + 6 slots: 0x0 is null
stack at sp + 7 slots: 0x00000213a88e81e8 points into unknown readable memory: 0x00007ffcf17317b0 | b0 17 73 f1 fc 7f 00 00

Lock stack of current Java thread (top to bottom):


---------------  P R O C E S S  ---------------

Threads class SMR info:
_java_thread_list=0x00000213f5e10e50, length=21, elements={
0x000002138b2b2980, 0x00000213a88d74e0, 0x00000213a88e13a0, 0x00000213a88e6ae0,
0x00000213a88e7e20, 0x00000213a88e8d20, 0x00000213a88e9850, 0x00000213a88f6320,
0x00000213a891a2b0, 0x00000213a89d8400, 0x00000213ee059690, 0x00000213ef427420,
0x00000213efa93100, 0x00000213eeb9b710, 0x00000213efbe5600, 0x00000213efc641c0,
0x00000213eeda0310, 0x00000213eff99ce0, 0x00000213effd6be0, 0x00000213f5700490,
0x00000213f57037c0
}

Java Threads: ( => current thread )
  0x000002138b2b2980 JavaThread "main"                              [_thread_blocked, id=4348, stack(0x0000003682f00000,0x0000003683000000) (1024K)]
  0x00000213a88d74e0 JavaThread "Reference Handler"          daemon [_thread_blocked, id=8712, stack(0x0000003683700000,0x0000003683800000) (1024K)]
  0x00000213a88e13a0 JavaThread "Finalizer"                  daemon [_thread_blocked, id=19092, stack(0x0000003683800000,0x0000003683900000) (1024K)]
  0x00000213a88e6ae0 JavaThread "Signal Dispatcher"          daemon [_thread_blocked, id=15780, stack(0x0000003683900000,0x0000003683a00000) (1024K)]
=>0x00000213a88e7e20 JavaThread "Attach Listener"            daemon [_thread_in_native, id=5744, stack(0x0000003683a00000,0x0000003683b00000) (1024K)]
  0x00000213a88e8d20 JavaThread "Service Thread"             daemon [_thread_blocked, id=12088, stack(0x0000003683b00000,0x0000003683c00000) (1024K)]
  0x00000213a88e9850 JavaThread "Monitor Deflation Thread"   daemon [_thread_blocked, id=14044, stack(0x0000003683c00000,0x0000003683d00000) (1024K)]
  0x00000213a88f6320 JavaThread "C2 CompilerThread0"         daemon [_thread_blocked, id=4100, stack(0x0000003683d00000,0x0000003683e00000) (1024K)]
  0x00000213a891a2b0 JavaThread "C1 CompilerThread0"         daemon [_thread_blocked, id=18488, stack(0x0000003683e00000,0x0000003683f00000) (1024K)]
  0x00000213a89d8400 JavaThread "Common-Cleaner"             daemon [_thread_blocked, id=580, stack(0x0000003683f00000,0x0000003684000000) (1024K)]
  0x00000213ee059690 JavaThread "JDWP Transport Listener: dt_socket" daemon [_thread_blocked, id=8564, stack(0x0000003684100000,0x0000003684200000) (1024K)]
  0x00000213ef427420 JavaThread "JDWP Event Helper Thread"   daemon [_thread_blocked, id=19768, stack(0x0000003684200000,0x0000003684300000) (1024K)]
  0x00000213efa93100 JavaThread "JDWP Command Reader"        daemon [_thread_in_native, id=2932, stack(0x0000003684300000,0x0000003684400000) (1024K)]
  0x00000213eeb9b710 JavaThread "Notification Thread"        daemon [_thread_blocked, id=7048, stack(0x0000003684000000,0x0000003684100000) (1024K)]
  0x00000213efbe5600 JavaThread "QuantumRenderer-0"          daemon [_thread_blocked, id=504, stack(0x0000003684400000,0x0000003684500000) (1024K)]
  0x00000213efc641c0 JavaThread "InvokeLaterDispatcher"      daemon [_thread_blocked, id=20380, stack(0x0000003684500000,0x0000003684600000) (1024K)]
  0x00000213eeda0310 JavaThread "JavaFX Application Thread"         [_thread_blocked, id=3280, stack(0x0000003684600000,0x0000003684700000) (1024K)]
  0x00000213eff99ce0 JavaThread "Thread-1"                   daemon [_thread_blocked, id=3904, stack(0x0000003684a00000,0x0000003684b00000) (1024K)]
  0x00000213effd6be0 JavaThread "JavaFX-Launcher"                   [_thread_blocked, id=12284, stack(0x0000003684b00000,0x0000003684c00000) (1024K)]
  0x00000213f5700490 JavaThread "Prism Font Disposer"        daemon [_thread_blocked, id=12268, stack(0x0000003684f00000,0x0000003685000000) (1024K)]
  0x00000213f57037c0 JavaThread "Cleaner-0"                  daemon [_thread_blocked, id=18496, stack(0x0000003685400000,0x0000003685500000) (1024K)]
Total: 21

Other Threads:
  0x000002138b466060 VMThread "VM Thread"                           [id=1908, stack(0x0000003683600000,0x0000003683700000) (1024K)]
  0x000002138b40d850 WatcherThread "VM Periodic Task Thread"        [id=10244, stack(0x0000003683500000,0x0000003683600000) (1024K)]
  0x000002138b2d4f50 WorkerThread "GC Thread#0"                     [id=11596, stack(0x0000003683000000,0x0000003683100000) (1024K)]
  0x00000213effccf90 WorkerThread "GC Thread#1"                     [id=17744, stack(0x0000003684c00000,0x0000003684d00000) (1024K)]
  0x00000213effcd6f0 WorkerThread "GC Thread#2"                     [id=18188, stack(0x0000003684d00000,0x0000003684e00000) (1024K)]
  0x00000213effcc480 WorkerThread "GC Thread#3"                     [id=8924, stack(0x0000003684e00000,0x0000003684f00000) (1024K)]
  0x000002138b3281b0 ConcurrentGCThread "G1 Main Marker"            [id=21324, stack(0x0000003683100000,0x0000003683200000) (1024K)]
  0x000002138b329640 WorkerThread "G1 Conc#0"                       [id=4720, stack(0x0000003683200000,0x0000003683300000) (1024K)]
  0x000002138b3fb750 ConcurrentGCThread "G1 Refine#0"               [id=15564, stack(0x0000003683300000,0x0000003683400000) (1024K)]
  0x000002138b3fc1e0 ConcurrentGCThread "G1 Service"                [id=17028, stack(0x0000003683400000,0x0000003683500000) (1024K)]
Total: 10

Threads with active compile tasks:
Total: 0

VM state: not at safepoint (normal execution)

VM Mutex/Monitor currently owned by a thread: None

Heap address: 0x0000000081800000, size: 2024 MB, Compressed Oops mode: 32-bit

CDS archive(s) mapped at: [0x00000213a9000000-0x00000213a9d40000-0x00000213a9d40000), size 13893632, SharedBaseAddress: 0x00000213a9000000, ArchiveRelocationMode: 1.
Compressed class space mapped at: 0x00000213aa000000-0x00000213ea000000, reserved size: 1073741824
UseCompressedClassPointers 1, UseCompactObjectHeaders 0
Narrow klass pointer bits 32, Max shift 3
Narrow klass base: 0x00000213a9000000, Narrow klass shift: 0
Encoding Range: [0x00000213a9000000 - 0x00000214a9000000), (4294967296 bytes)
Klass Range:    [0x00000213a9000000 - 0x00000213ea000000), (1090519040 bytes)
Klass ID Range:  [8 - 1090519033) (1090519025)

GC Precious Log:
 CardTable entry size: 512
 Card Set container configuration: InlinePtr #cards 5 size 8 Array Of Cards #cards 10 size 36 Howl #buckets 4 coarsen threshold 1843 Howl Bitmap #cards 512 size 80 coarsen threshold 460 Card regions per heap region 1 cards per card region 2048
 CPUs: 4 total, 4 available
 Memory: 8088M
 Large Page Support: Disabled
 NUMA Support: Disabled
 Compressed Oops: Enabled (32-bit)
 Heap Region Size: 1M
 Heap Min Capacity: 8M
 Heap Initial Capacity: 128M
 Heap Max Capacity: 2024M
 Pre-touch: Disabled
 Parallel Workers: 4
 Concurrent Workers: 1
 Concurrent Refinement Workers: 4
 Periodic GC: Disabled

Heap:
 garbage-first heap   total reserved 2072576K, committed 58368K, used 34348K [0x0000000081800000, 0x0000000100000000)
  region size 1024K, 25 young (25600K), 6 survivors (6144K)
 Metaspace       used 24726K, committed 25024K, reserved 1114112K
  class space    used 2783K, committed 2944K, reserved 1048576K

Heap Regions: E=young(eden), S=young(survivor), O=old, HS=humongous(starts), HC=humongous(continues), CS=collection set, F=free, TAMS=top-at-mark-start, PB=parsable bottom
|   0|0x0000000081800000, 0x0000000081900000, 0x0000000081900000|100%|HS|  |TAMS 0x0000000081800000| PB 0x0000000081800000| Complete |  0
|   1|0x0000000081900000, 0x0000000081a00000, 0x0000000081a00000|100%|HC|  |TAMS 0x0000000081900000| PB 0x0000000081900000| Complete |  0
|   2|0x0000000081a00000, 0x0000000081b00000, 0x0000000081b00000|100%|HC|  |TAMS 0x0000000081a00000| PB 0x0000000081a00000| Complete |  0
|   3|0x0000000081b00000, 0x0000000081c00000, 0x0000000081c00000|100%|HC|  |TAMS 0x0000000081b00000| PB 0x0000000081b00000| Complete |  0
|   4|0x0000000081c00000, 0x0000000081d00000, 0x0000000081d00000|100%|HS|  |TAMS 0x0000000081c00000| PB 0x0000000081c00000| Complete |  0
|   5|0x0000000081d00000, 0x0000000081e00000, 0x0000000081e00000|100%|HC|  |TAMS 0x0000000081d00000| PB 0x0000000081d00000| Complete |  0
|   6|0x0000000081e00000, 0x0000000081f00000, 0x0000000081f00000|100%| O|  |TAMS 0x0000000081e00000| PB 0x0000000081e00000| Untracked |  0
|   7|0x0000000081f00000, 0x0000000082000000, 0x0000000082000000|100%| O|  |TAMS 0x0000000081f00000| PB 0x0000000081f00000| Untracked |  0
|   8|0x0000000082000000, 0x0000000082076ec0, 0x0000000082100000| 46%| O|  |TAMS 0x0000000082000000| PB 0x0000000082000000| Untracked |  0
|   9|0x0000000082100000, 0x0000000082100000, 0x0000000082200000|  0%| F|  |TAMS 0x0000000082100000| PB 0x0000000082100000| Untracked |  0
|  10|0x0000000082200000, 0x0000000082200000, 0x0000000082300000|  0%| F|  |TAMS 0x0000000082200000| PB 0x0000000082200000| Untracked |  0
|  11|0x0000000082300000, 0x0000000082300000, 0x0000000082400000|  0%| F|  |TAMS 0x0000000082300000| PB 0x0000000082300000| Untracked |  0
|  12|0x0000000082400000, 0x0000000082400000, 0x0000000082500000|  0%| F|  |TAMS 0x0000000082400000| PB 0x0000000082400000| Untracked |  0
|  13|0x0000000082500000, 0x0000000082500000, 0x0000000082600000|  0%| F|  |TAMS 0x0000000082500000| PB 0x0000000082500000| Untracked |  0
|  14|0x0000000082600000, 0x0000000082600000, 0x0000000082700000|  0%| F|  |TAMS 0x0000000082600000| PB 0x0000000082600000| Untracked |  0
|  15|0x0000000082700000, 0x0000000082700000, 0x0000000082800000|  0%| F|  |TAMS 0x0000000082700000| PB 0x0000000082700000| Untracked |  0
|  16|0x0000000082800000, 0x0000000082800000, 0x0000000082900000|  0%| F|  |TAMS 0x0000000082800000| PB 0x0000000082800000| Untracked |  0
|  17|0x0000000082900000, 0x0000000082900000, 0x0000000082a00000|  0%| F|  |TAMS 0x0000000082900000| PB 0x0000000082900000| Untracked |  0
|  18|0x0000000082a00000, 0x0000000082a00000, 0x0000000082b00000|  0%| F|  |TAMS 0x0000000082a00000| PB 0x0000000082a00000| Untracked |  0
|  19|0x0000000082b00000, 0x0000000082b00000, 0x0000000082c00000|  0%| F|  |TAMS 0x0000000082b00000| PB 0x0000000082b00000| Untracked |  0
|  20|0x0000000082c00000, 0x0000000082c00000, 0x0000000082d00000|  0%| F|  |TAMS 0x0000000082c00000| PB 0x0000000082c00000| Untracked |  0
|  21|0x0000000082d00000, 0x0000000082d00000, 0x0000000082e00000|  0%| F|  |TAMS 0x0000000082d00000| PB 0x0000000082d00000| Untracked |  0
|  22|0x0000000082e00000, 0x0000000082e00000, 0x0000000082f00000|  0%| F|  |TAMS 0x0000000082e00000| PB 0x0000000082e00000| Untracked |  0
|  23|0x0000000082f00000, 0x0000000082f00000, 0x0000000083000000|  0%| F|  |TAMS 0x0000000082f00000| PB 0x0000000082f00000| Untracked |  0
|  24|0x0000000083000000, 0x0000000083000000, 0x0000000083100000|  0%| F|  |TAMS 0x0000000083000000| PB 0x0000000083000000| Untracked |  0
|  25|0x0000000083100000, 0x0000000083100000, 0x0000000083200000|  0%| F|  |TAMS 0x0000000083100000| PB 0x0000000083100000| Untracked |  0
|  26|0x0000000083200000, 0x0000000083200000, 0x0000000083300000|  0%| F|  |TAMS 0x0000000083200000| PB 0x0000000083200000| Untracked |  0
|  27|0x0000000083300000, 0x0000000083300000, 0x0000000083400000|  0%| F|  |TAMS 0x0000000083300000| PB 0x0000000083300000| Untracked |  0
|  28|0x0000000083400000, 0x0000000083400000, 0x0000000083500000|  0%| F|  |TAMS 0x0000000083400000| PB 0x0000000083400000| Untracked |  0
|  29|0x0000000083500000, 0x0000000083500000, 0x0000000083600000|  0%| F|  |TAMS 0x0000000083500000| PB 0x0000000083500000| Untracked |  0
|  30|0x0000000083600000, 0x0000000083700000, 0x0000000083700000|100%| E|  |TAMS 0x0000000083600000| PB 0x0000000083600000| Complete |  0
|  31|0x0000000083700000, 0x0000000083800000, 0x0000000083800000|100%| E|CS|TAMS 0x0000000083700000| PB 0x0000000083700000| Complete |  0
|  32|0x0000000083800000, 0x0000000083900000, 0x0000000083900000|100%| E|CS|TAMS 0x0000000083800000| PB 0x0000000083800000| Complete |  0
|  33|0x0000000083900000, 0x0000000083a00000, 0x0000000083a00000|100%| E|CS|TAMS 0x0000000083900000| PB 0x0000000083900000| Complete |  0
|  34|0x0000000083a00000, 0x0000000083b00000, 0x0000000083b00000|100%| E|CS|TAMS 0x0000000083a00000| PB 0x0000000083a00000| Complete |  0
|  35|0x0000000083b00000, 0x0000000083c00000, 0x0000000083c00000|100%| E|CS|TAMS 0x0000000083b00000| PB 0x0000000083b00000| Complete |  0
|  36|0x0000000083c00000, 0x0000000083d00000, 0x0000000083d00000|100%| E|CS|TAMS 0x0000000083c00000| PB 0x0000000083c00000| Complete |  0
|  37|0x0000000083d00000, 0x0000000083e00000, 0x0000000083e00000|100%| E|CS|TAMS 0x0000000083d00000| PB 0x0000000083d00000| Complete |  0
|  38|0x0000000083e00000, 0x0000000083f00000, 0x0000000083f00000|100%| E|CS|TAMS 0x0000000083e00000| PB 0x0000000083e00000| Complete |  0
|  39|0x0000000083f00000, 0x0000000084000000, 0x0000000084000000|100%| E|CS|TAMS 0x0000000083f00000| PB 0x0000000083f00000| Complete |  0
|  40|0x0000000084000000, 0x0000000084100000, 0x0000000084100000|100%| E|CS|TAMS 0x0000000084000000| PB 0x0000000084000000| Complete |  0
|  41|0x0000000084100000, 0x0000000084200000, 0x0000000084200000|100%| E|CS|TAMS 0x0000000084100000| PB 0x0000000084100000| Complete |  0
|  42|0x0000000084200000, 0x0000000084300000, 0x0000000084300000|100%| E|CS|TAMS 0x0000000084200000| PB 0x0000000084200000| Complete |  0
|  43|0x0000000084300000, 0x0000000084400000, 0x0000000084400000|100%| E|CS|TAMS 0x0000000084300000| PB 0x0000000084300000| Complete |  0
|  44|0x0000000084400000, 0x0000000084500000, 0x0000000084500000|100%| E|CS|TAMS 0x0000000084400000| PB 0x0000000084400000| Complete |  0
|  45|0x0000000084500000, 0x0000000084600000, 0x0000000084600000|100%| E|CS|TAMS 0x0000000084500000| PB 0x0000000084500000| Complete |  0
|  46|0x0000000084600000, 0x0000000084700000, 0x0000000084700000|100%| E|CS|TAMS 0x0000000084600000| PB 0x0000000084600000| Complete |  0
|  47|0x0000000084700000, 0x0000000084800000, 0x0000000084800000|100%| E|CS|TAMS 0x0000000084700000| PB 0x0000000084700000| Complete |  0
| 103|0x0000000087f00000, 0x0000000087ff70f8, 0x0000000088000000| 96%| S|CS|TAMS 0x0000000087f00000| PB 0x0000000087f00000| Complete |  0
| 104|0x0000000088000000, 0x0000000088100000, 0x0000000088100000|100%| S|CS|TAMS 0x0000000088000000| PB 0x0000000088000000| Complete |  0
| 105|0x0000000088100000, 0x0000000088200000, 0x0000000088200000|100%| S|CS|TAMS 0x0000000088100000| PB 0x0000000088100000| Complete |  0
| 106|0x0000000088200000, 0x0000000088300000, 0x0000000088300000|100%| S|CS|TAMS 0x0000000088200000| PB 0x0000000088200000| Complete |  0
| 107|0x0000000088300000, 0x0000000088400000, 0x0000000088400000|100%| S|CS|TAMS 0x0000000088300000| PB 0x0000000088300000| Complete |  0
| 108|0x0000000088400000, 0x0000000088500000, 0x0000000088500000|100%| S|CS|TAMS 0x0000000088400000| PB 0x0000000088400000| Complete |  0
| 127|0x0000000089700000, 0x0000000089800000, 0x0000000089800000|100%| E|CS|TAMS 0x0000000089700000| PB 0x0000000089700000| Complete |  0
|2022|0x00000000ffe00000, 0x00000000fff00000, 0x00000000fff00000|100%| O|  |TAMS 0x00000000ffe00000| PB 0x00000000ffe00000| Untracked |  0
|2023|0x00000000fff00000, 0x00000000fff1d1c0, 0x0000000100000000| 11%| O|Cm|TAMS 0x00000000fff00000| PB 0x00000000fff00000| Complete |  0

Card table byte_map: [0x00000213a4010000,0x00000213a4410000] _byte_map_base: 0x00000213a3c04000

Marking Bits: (CMBitMap*) 0x000002138b7ee100
 Bits: [0x00000213a4410000, 0x00000213a63b0000)

Polling page: 0x00000213894f0000

Metaspace:

Usage:
  Non-class:     21.43 MB used.
      Class:      2.72 MB used.
       Both:     24.15 MB used.

Virtual space:
  Non-class space:       64.00 MB reserved,      21.56 MB ( 34%) committed,  1 nodes.
      Class space:        1.00 GB reserved,       2.88 MB ( <1%) committed,  1 nodes.
             Both:        1.06 GB reserved,      24.44 MB (  2%) committed. 

Chunk freelists:
   Non-Class:  9.88 MB
       Class:  13.11 MB
        Both:  22.99 MB

MaxMetaspaceSize: unlimited
CompressedClassSpaceSize: 1.00 GB
Initial GC threshold: 21.00 MB
Current GC threshold: 35.12 MB
CDS: on
 - commit_granule_bytes: 65536.
 - commit_granule_words: 8192.
 - virtual_space_node_default_size: 8388608.
 - enlarge_chunks_in_place: 1.
UseCompressedClassPointers 1, UseCompactObjectHeaders 0
Narrow klass pointer bits 32, Max shift 3
Narrow klass base: 0x00000213a9000000, Narrow klass shift: 0
Encoding Range: [0x00000213a9000000 - 0x00000214a9000000), (4294967296 bytes)
Klass Range:    [0x00000213a9000000 - 0x00000213ea000000), (1090519040 bytes)
Klass ID Range:  [8 - 1090519033) (1090519025)


Internal statistics:

num_allocs_failed_limit: 3.
num_arena_births: 266.
num_arena_deaths: 0.
num_vsnodes_births: 2.
num_vsnodes_deaths: 0.
num_space_committed: 391.
num_space_uncommitted: 0.
num_chunks_returned_to_freelist: 3.
num_chunks_taken_from_freelist: 907.
num_chunk_merges: 3.
num_chunk_splits: 671.
num_chunks_enlarged: 546.
num_inconsistent_stats: 0.

CodeHeap 'non-profiled nmethods': size=120064Kb used=976Kb max_used=976Kb free=119087Kb
 bounds [0x000002139c290000, 0x000002139c500000, 0x00000213a37d0000]
CodeHeap 'profiled nmethods': size=120000Kb used=5166Kb max_used=5166Kb free=114833Kb
 bounds [0x00000213947d0000, 0x0000021394ce0000, 0x000002139bd00000]
CodeHeap 'non-nmethods': size=5696Kb used=1768Kb max_used=1768Kb free=3927Kb
 bounds [0x000002139bd00000, 0x000002139bf70000, 0x000002139c290000]
CodeCache: size=245760Kb, used=7910Kb, max_used=7910Kb, free=237847Kb
 total_blobs=4051, nmethods=3178, adapters=777, full_count=0
Compilation: enabled, stopped_count=0, restarted_count=0

Compilation events (20 events):
Event: 15.647 Thread 0x00000213a88f6320 nmethod 3156 0x000002139c381588 code [0x000002139c3816a0, 0x000002139c381748]
Event: 15.647 Thread 0x00000213a891a2b0 nmethod 3158 0x0000021394cd6f08 code [0x0000021394cd7080, 0x0000021394cd7718]
Event: 15.647 Thread 0x00000213a891a2b0 3157       3       java.lang.invoke.InvokerBytecodeGenerator::emitStaticInvoke (260 bytes)
Event: 15.650 Thread 0x00000213a891a2b0 nmethod 3157 0x0000021394cd7788 code [0x0000021394cd7a00, 0x0000021394cd8cd0]
Event: 15.650 Thread 0x00000213a891a2b0 3165       3       java.lang.String::<init> (98 bytes)
Event: 15.651 Thread 0x00000213a891a2b0 nmethod 3165 0x0000021394cd8d88 code [0x0000021394cd8f00, 0x0000021394cd95e0]
Event: 15.651 Thread 0x00000213a891a2b0 3161       3       sun.invoke.util.Wrapper::isSubwordOrInt (20 bytes)
Event: 15.651 Thread 0x00000213a891a2b0 nmethod 3161 0x0000021394cd9688 code [0x0000021394cd97c0, 0x0000021394cd9cf0]
Event: 15.651 Thread 0x00000213a891a2b0 3162       3       sun.invoke.util.Wrapper::isIntegral (23 bytes)
Event: 15.652 Thread 0x00000213a891a2b0 nmethod 3162 0x0000021394cd9d88 code [0x0000021394cd9ea0, 0x0000021394cda158]
Event: 15.652 Thread 0x00000213a891a2b0 3166       3       jdk.internal.classfile.impl.RawBytecodeHelper::isWide (16 bytes)
Event: 15.652 Thread 0x00000213a891a2b0 nmethod 3166 0x0000021394cda188 code [0x0000021394cda2a0, 0x0000021394cda400]
Event: 15.652 Thread 0x00000213a891a2b0 3163       3       sun.invoke.util.Wrapper::isNumeric (16 bytes)
Event: 15.652 Thread 0x00000213a891a2b0 nmethod 3163 0x0000021394cda488 code [0x0000021394cda5a0, 0x0000021394cda6f8]
Event: 15.652 Thread 0x00000213a891a2b0 3170       1       jdk.internal.classfile.impl.DirectClassBuilder::setSuperclass (6 bytes)
Event: 15.652 Thread 0x00000213a891a2b0 nmethod 3170 0x000002139c382788 code [0x000002139c3828a0, 0x000002139c3829b0]
Event: 19.853 Thread 0x00000213a891a2b0 3171       3       java.lang.AbstractStringBuilder::append (77 bytes)
Event: 19.854 Thread 0x00000213a891a2b0 nmethod 3171 0x0000021394cda788 code [0x0000021394cda920, 0x0000021394cdb0a8]
Event: 19.908 Thread 0x00000213a891a2b0 3172       3       jdk.internal.misc.Unsafe::checkPrimitivePointer (19 bytes)
Event: 19.909 Thread 0x00000213a891a2b0 nmethod 3172 0x0000021394cdb108 code [0x0000021394cdb2a0, 0x0000021394cdba80]

GC Heap History (6 events):
Event: 3.319 GC heap before
{Heap before GC invocations=0 (full 0):
 garbage-first heap   total reserved 2072576K, committed 133120K, used 29812K [0x0000000081800000, 0x0000000100000000)
  region size 1024K, 28 young (28672K), 0 survivors (0K)
 Metaspace       used 5499K, committed 5696K, reserved 1114112K
  class space    used 429K, committed 512K, reserved 1048576K
}
Event: 3.324 GC heap after
{Heap after GC invocations=1 (full 0):
 garbage-first heap   total reserved 2072576K, committed 133120K, used 3620K [0x0000000081800000, 0x0000000100000000)
  region size 1024K, 3 young (3072K), 3 survivors (3072K)
 Metaspace       used 5499K, committed 5696K, reserved 1114112K
  class space    used 429K, committed 512K, reserved 1048576K
}
Event: 5.855 GC heap before
{Heap before GC invocations=1 (full 0):
 garbage-first heap   total reserved 2072576K, committed 133120K, used 63012K [0x0000000081800000, 0x0000000100000000)
  region size 1024K, 58 young (59392K), 3 survivors (3072K)
 Metaspace       used 16691K, committed 17024K, reserved 1114112K
  class space    used 2154K, committed 2304K, reserved 1048576K
}
Event: 5.867 GC heap after
{Heap after GC invocations=2 (full 0):
 garbage-first heap   total reserved 2072576K, committed 133120K, used 11900K [0x0000000081800000, 0x0000000100000000)
  region size 1024K, 7 young (7168K), 7 survivors (7168K)
 Metaspace       used 16691K, committed 17024K, reserved 1114112K
  class space    used 2154K, committed 2304K, reserved 1048576K
}
Event: 23.262 GC heap before
{Heap before GC invocations=2 (full 0):
 garbage-first heap   total reserved 2072576K, committed 133120K, used 32380K [0x0000000081800000, 0x0000000100000000)
  region size 1024K, 26 young (26624K), 7 survivors (7168K)
 Metaspace       used 21247K, committed 21504K, reserved 1114112K
  class space    used 2406K, committed 2560K, reserved 1048576K
}
Event: 23.274 GC heap after
{Heap after GC invocations=3 (full 0):
 garbage-first heap   total reserved 2072576K, committed 133120K, used 15916K [0x0000000081800000, 0x0000000100000000)
  region size 1024K, 6 young (6144K), 6 survivors (6144K)
 Metaspace       used 21247K, committed 21504K, reserved 1114112K
  class space    used 2406K, committed 2560K, reserved 1048576K
}

Dll operation events (20 events):
Event: 2.816 Loaded shared library C:\Users\DILEISY\.openjfx\cache\21+31\amd64\api-ms-win-crt-multibyte-l1-1-0.dll
Event: 2.823 Loaded shared library C:\Users\DILEISY\.openjfx\cache\21+31\amd64\api-ms-win-crt-private-l1-1-0.dll
Event: 2.830 Loaded shared library C:\Users\DILEISY\.openjfx\cache\21+31\amd64\api-ms-win-crt-process-l1-1-0.dll
Event: 2.836 Loaded shared library C:\Users\DILEISY\.openjfx\cache\21+31\amd64\api-ms-win-crt-runtime-l1-1-0.dll
Event: 2.843 Loaded shared library C:\Users\DILEISY\.openjfx\cache\21+31\amd64\api-ms-win-crt-stdio-l1-1-0.dll
Event: 2.850 Loaded shared library C:\Users\DILEISY\.openjfx\cache\21+31\amd64\api-ms-win-crt-string-l1-1-0.dll
Event: 2.857 Loaded shared library C:\Users\DILEISY\.openjfx\cache\21+31\amd64\api-ms-win-crt-time-l1-1-0.dll
Event: 2.864 Loaded shared library C:\Users\DILEISY\.openjfx\cache\21+31\amd64\api-ms-win-crt-utility-l1-1-0.dll
Event: 2.892 Loaded shared library C:\Users\DILEISY\.openjfx\cache\21+31\amd64\ucrtbase.dll
Event: 2.901 Loaded shared library C:\Users\DILEISY\.openjfx\cache\21+31\amd64\vcruntime140.dll
Event: 2.908 Loaded shared library C:\Users\DILEISY\.openjfx\cache\21+31\amd64\vcruntime140_1.dll
Event: 2.926 Loaded shared library C:\Users\DILEISY\.openjfx\cache\21+31\amd64\msvcp140.dll
Event: 2.931 Loaded shared library C:\Users\DILEISY\.openjfx\cache\21+31\amd64\msvcp140_1.dll
Event: 2.941 Loaded shared library C:\Users\DILEISY\.openjfx\cache\21+31\amd64\msvcp140_2.dll
Event: 3.028 Loaded shared library C:\Users\DILEISY\.openjfx\cache\21+31\amd64\prism_d3d.dll
Event: 3.099 Loaded shared library C:\Users\DILEISY\.openjfx\cache\21+31\amd64\glass.dll
Event: 3.386 Loaded shared library C:\Program Files\Java\jdk-24\bin\jimage.dll
Event: 3.818 Loaded shared library C:\Users\DILEISY\.openjfx\cache\21+31\amd64\javafx_iio.dll
Event: 4.115 Loaded shared library C:\Users\DILEISY\.openjfx\cache\21+31\amd64\javafx_font.dll
Event: 42.406 Loaded shared library C:\Users\DILEISY\AppData\Local\Temp\idea_libasyncProfiler_dll_temp_folder2\libasyncProfiler.dll

Deoptimization events (20 events):
Event: 12.276 Thread 0x00000213eeda0310 Uncommon trap: trap_request=0xffffff4d fr.pc=0x000002139c32831c relative=0x000000000000045c
Event: 12.276 Thread 0x00000213eeda0310 Uncommon trap: reason=unstable_if action=reinterpret pc=0x000002139c32831c method=java.lang.AbstractStringBuilder.isLatin1()Z @ 10 c2
Event: 12.276 Thread 0x00000213eeda0310 DEOPT PACKING pc=0x000002139c32831c sp=0x00000036846fcb30
Event: 12.276 Thread 0x00000213eeda0310 DEOPT UNPACKING pc=0x000002139be24382 sp=0x00000036846fcaa8 mode 2
Event: 12.277 Thread 0x00000213eeda0310 Uncommon trap: trap_request=0xffffff4d fr.pc=0x000002139c2d27b0 relative=0x0000000000000290
Event: 12.277 Thread 0x00000213eeda0310 Uncommon trap: reason=unstable_if action=reinterpret pc=0x000002139c2d27b0 method=java.lang.String.hashCode()I @ 20 c2
Event: 12.277 Thread 0x00000213eeda0310 DEOPT PACKING pc=0x000002139c2d27b0 sp=0x00000036846fcf70
Event: 12.277 Thread 0x00000213eeda0310 DEOPT UNPACKING pc=0x000002139be24382 sp=0x00000036846fcf08 mode 2
Event: 12.277 Thread 0x00000213eeda0310 Uncommon trap: trap_request=0xffffff4d fr.pc=0x000002139c29dbd0 relative=0x0000000000000050
Event: 12.277 Thread 0x00000213eeda0310 Uncommon trap: reason=unstable_if action=reinterpret pc=0x000002139c29dbd0 method=java.lang.CharacterData.of(I)Ljava/lang/CharacterData; @ 4 c2
Event: 12.277 Thread 0x00000213eeda0310 DEOPT PACKING pc=0x000002139c29dbd0 sp=0x00000036846fbf80
Event: 12.277 Thread 0x00000213eeda0310 DEOPT UNPACKING pc=0x000002139be24382 sp=0x00000036846fbf20 mode 2
Event: 12.470 Thread 0x00000213eeda0310 Uncommon trap: trap_request=0xffffff4d fr.pc=0x000002139c2ec414 relative=0x00000000000003d4
Event: 12.470 Thread 0x00000213eeda0310 Uncommon trap: reason=unstable_if action=reinterpret pc=0x000002139c2ec414 method=java.lang.StringLatin1.canEncode(C)Z @ 4 c2
Event: 12.470 Thread 0x00000213eeda0310 DEOPT PACKING pc=0x000002139c2ec414 sp=0x00000036846fcae0
Event: 12.470 Thread 0x00000213eeda0310 DEOPT UNPACKING pc=0x000002139be24382 sp=0x00000036846fca68 mode 2
Event: 15.287 Thread 0x00000213efbe5600 Uncommon trap: trap_request=0xffffff4d fr.pc=0x000002139c37652c relative=0x000000000000008c
Event: 15.287 Thread 0x00000213efbe5600 Uncommon trap: reason=unstable_if action=reinterpret pc=0x000002139c37652c method=com.sun.prism.impl.BaseGraphics.validateTransformAndPaint()V @ 20 c2
Event: 15.287 Thread 0x00000213efbe5600 DEOPT PACKING pc=0x000002139c37652c sp=0x00000036844fe8a0
Event: 15.287 Thread 0x00000213efbe5600 DEOPT UNPACKING pc=0x000002139be24382 sp=0x00000036844fe830 mode 2

Classes loaded (20 events):
Event: 26.562 Loading class java/time/format/DateTimeParseContext
Event: 26.562 Loading class java/time/format/DateTimeParseContext done
Event: 26.563 Loading class java/time/format/Parsed
Event: 26.563 Loading class java/time/format/Parsed done
Event: 26.571 Loading class java/time/temporal/TemporalQueries$1
Event: 26.571 Loading class java/time/temporal/TemporalQueries$1 done
Event: 26.572 Loading class java/time/temporal/TemporalQueries$2
Event: 26.572 Loading class java/time/temporal/TemporalQueries$2 done
Event: 26.572 Loading class java/time/temporal/TemporalQueries$3
Event: 26.572 Loading class java/time/temporal/TemporalQueries$3 done
Event: 26.572 Loading class java/time/temporal/TemporalQueries$4
Event: 26.572 Loading class java/time/temporal/TemporalQueries$4 done
Event: 26.572 Loading class java/time/temporal/TemporalQueries$5
Event: 26.572 Loading class java/time/temporal/TemporalQueries$5 done
Event: 26.572 Loading class java/time/temporal/TemporalQueries$6
Event: 26.573 Loading class java/time/temporal/TemporalQueries$6 done
Event: 26.573 Loading class java/time/temporal/TemporalQueries$7
Event: 26.573 Loading class java/time/temporal/TemporalQueries$7 done
Event: 41.329 Loading class kotlinx/coroutines/debug/internal/DebugProbesImpl
Event: 41.329 Loading class kotlinx/coroutines/debug/internal/DebugProbesImpl done

Classes unloaded (0 events):
No events

Classes redefined (1 events):
Event: 1.975 Thread 0x000002138b466060 redefined class name=java.lang.Throwable, count=1

Internal exceptions (20 events):
Event: 5.294 Thread 0x00000213eeda0310 Exception <a 'java/lang/ClassNotFoundException'{0x0000000086b7f6b0}: com/sun/javafx/scene/control/skin/resources/controls> (0x0000000086b7f6b0) 
thrown [s\open\src\hotspot\share\prims\jni.cpp, line 536]
Event: 5.296 Thread 0x00000213eeda0310 Exception <a 'java/lang/ClassNotFoundException'{0x0000000086b8cd50}: com/sun/javafx/scene/control/skin/resources/controls_es> (0x0000000086b8cd50) 
thrown [s\open\src\hotspot\share\prims\jni.cpp, line 536]
Event: 5.297 Thread 0x00000213eeda0310 Exception <a 'java/lang/ClassNotFoundException'{0x0000000086b99b48}: com/sun/javafx/scene/control/skin/resources/controls_es_CO> (0x0000000086b99b48) 
thrown [s\open\src\hotspot\share\prims\jni.cpp, line 536]
Event: 5.426 Thread 0x00000213eeda0310 Exception <a 'java/lang/NoSuchMethodError'{0x000000008675c0b0}: 'void java.lang.invoke.DirectMethodHandle$Holder.invokeSpecial(java.lang.Object, java.lang.Object, java.lang.Object, java.lang.Object, java.lang.Object, java.lang.Object)'> (0x000000008675c0b0) 
thrown [s\open\src\hotspot\share\interpreter\linkResolver.cpp, line 805]
Event: 5.610 Thread 0x00000213eeda0310 Exception <a 'java/lang/NoSuchMethodError'{0x000000008613e930}: 'int java.lang.invoke.DirectMethodHandle$Holder.invokeSpecial(java.lang.Object, java.lang.Object, int)'> (0x000000008613e930) 
thrown [s\open\src\hotspot\share\interpreter\linkResolver.cpp, line 805]
Event: 5.641 Thread 0x00000213eeda0310 Exception <a 'java/lang/NoSuchMethodError'{0x00000000861b1bb8}: 'java.lang.Object java.lang.invoke.DirectMethodHandle$Holder.newInvokeSpecial(java.lang.Object, java.lang.Object, int)'> (0x00000000861b1bb8) 
thrown [s\open\src\hotspot\share\interpreter\linkResolver.cpp, line 805]
Event: 5.731 Thread 0x00000213efbe5600 Exception <a 'java/lang/NoSuchMethodError'{0x000000008609def0}: 'int java.lang.invoke.DirectMethodHandle$Holder.invokeStaticInit(java.lang.Object, java.lang.Object)'> (0x000000008609def0) 
thrown [s\open\src\hotspot\share\interpreter\linkResolver.cpp, line 805]
Event: 5.736 Thread 0x00000213eeda0310 Exception <a 'java/lang/NoSuchMethodError'{0x00000000860f0688}: 'long java.lang.invoke.DirectMethodHandle$Holder.invokeStaticInit(java.lang.Object, java.lang.Object, java.lang.Object)'> (0x00000000860f0688) 
thrown [s\open\src\hotspot\share\interpreter\linkResolver.cpp, line 805]
Event: 5.747 Thread 0x00000213eeda0310 Exception <a 'java/lang/NoSuchMethodError'{0x0000000085f7abf0}: 'java.lang.Object java.lang.invoke.DirectMethodHandle$Holder.newInvokeSpecial(java.lang.Object, java.lang.Object, long)'> (0x0000000085f7abf0) 
thrown [s\open\src\hotspot\share\interpreter\linkResolver.cpp, line 805]
Event: 5.748 Thread 0x00000213eeda0310 Exception <a 'java/lang/NoSuchMethodError'{0x0000000085f83ca0}: 'java.lang.Object java.lang.invoke.Invokers$Holder.linkToTargetMethod(java.lang.Object, long, java.lang.Object)'> (0x0000000085f83ca0) 
thrown [s\open\src\hotspot\share\interpreter\linkResolver.cpp, line 805]
Event: 15.646 Thread 0x00000213eeda0310 Exception <a 'java/lang/NoSuchMethodError'{0x0000000088f1b960}: 'java.lang.Object java.lang.invoke.DirectMethodHandle$Holder.newInvokeSpecial(java.lang.Object, java.lang.Object, int, int, int, int, int, java.lang.Object)'> (0x0000000088f1b960) 
thrown [s\open\src\hotspot\share\interpreter\linkResolver.cpp, line 805]
Event: 15.651 Thread 0x00000213eeda0310 Exception <a 'java/lang/NoSuchMethodError'{0x0000000088f44410}: 'java.lang.Object java.lang.invoke.DirectMethodHandle$Holder.newInvokeSpecial(java.lang.Object, java.lang.Object, java.lang.Object, int, int, int, int, int)'> (0x0000000088f44410) 
thrown [s\open\src\hotspot\share\interpreter\linkResolver.cpp, line 805]
Event: 15.653 Thread 0x00000213eeda0310 Exception <a 'java/lang/NoSuchMethodError'{0x0000000088f547d8}: 'java.lang.Object java.lang.invoke.Invokers$Holder.linkToTargetMethod(java.lang.Object, java.lang.Object, int, int, int, int, int, java.lang.Object)'> (0x0000000088f547d8) 
thrown [s\open\src\hotspot\share\interpreter\linkResolver.cpp, line 805]
Event: 23.618 Thread 0x00000213eeda0310 Exception <a 'java/lang/NoSuchMethodError'{0x00000000840a33e8}: 'java.lang.Object java.lang.invoke.DirectMethodHandle$Holder.invokeStaticInit(java.lang.Object, java.lang.Object, java.lang.Object)'> (0x00000000840a33e8) 
thrown [s\open\src\hotspot\share\interpreter\linkResolver.cpp, line 805]
Event: 23.661 Thread 0x00000213eeda0310 Exception <a 'java/lang/NoSuchMethodError'{0x0000000083f5e8e8}: 'long java.lang.invoke.DirectMethodHandle$Holder.invokeSpecial(java.lang.Object, java.lang.Object)'> (0x0000000083f5e8e8) 
thrown [s\open\src\hotspot\share\interpreter\linkResolver.cpp, line 805]
Event: 23.670 Thread 0x00000213eeda0310 Exception <a 'java/lang/NoSuchMethodError'{0x0000000083f7d148}: 'long java.lang.invoke.DirectMethodHandle$Holder.invokeStatic(java.lang.Object, java.lang.Object)'> (0x0000000083f7d148) 
thrown [s\open\src\hotspot\share\interpreter\linkResolver.cpp, line 805]
Event: 23.673 Thread 0x00000213eeda0310 Exception <a 'java/lang/NoSuchMethodError'{0x0000000083f86890}: 'long java.lang.invoke.DirectMethodHandle$Holder.invokeStaticInit(java.lang.Object, java.lang.Object)'> (0x0000000083f86890) 
thrown [s\open\src\hotspot\share\interpreter\linkResolver.cpp, line 805]
Event: 23.685 Thread 0x00000213eeda0310 Exception <a 'java/lang/NoSuchMethodError'{0x0000000083fac550}: 'long java.lang.invoke.DirectMethodHandle$Holder.invokeInterface(java.lang.Object, java.lang.Object)'> (0x0000000083fac550) 
thrown [s\open\src\hotspot\share\interpreter\linkResolver.cpp, line 805]
Event: 23.687 Thread 0x00000213eeda0310 Exception <a 'java/lang/IncompatibleClassChangeError'{0x0000000083fb4750}: Found class java.lang.Object, but interface was expected> (0x0000000083fb4750) 
thrown [s\open\src\hotspot\share\interpreter\linkResolver.cpp, line 872]
Event: 26.551 Thread 0x00000213eeda0310 Exception <a 'java/lang/NoSuchMethodError'{0x00000000837558c8}: 'void java.lang.invoke.DirectMethodHandle$Holder.invokeVirtual(java.lang.Object, java.lang.Object, int)'> (0x00000000837558c8) 
thrown [s\open\src\hotspot\share\interpreter\linkResolver.cpp, line 805]

VM Operations (20 events):
Event: 24.377 Executing VM operation: get/set locals
Event: 24.377 Executing VM operation: get/set locals done
Event: 24.378 Executing VM operation: get/set locals
Event: 24.378 Executing VM operation: get/set locals done
Event: 24.976 Executing VM operation: get/set locals
Event: 24.976 Executing VM operation: get/set locals done
Event: 24.976 Executing VM operation: get/set locals
Event: 24.976 Executing VM operation: get/set locals done
Event: 24.979 Executing VM operation: get/set locals
Event: 24.979 Executing VM operation: get/set locals done
Event: 26.185 Executing VM operation: HandshakeAllThreads (Deoptimize)
Event: 26.185 Executing VM operation: HandshakeAllThreads (Deoptimize) done
Event: 26.601 Executing VM operation: get/set locals
Event: 26.601 Executing VM operation: get/set locals done
Event: 26.602 Executing VM operation: get/set locals
Event: 26.602 Executing VM operation: get/set locals done
Event: 30.538 Executing VM operation: get/set locals
Event: 30.538 Executing VM operation: get/set locals done
Event: 41.462 Executing VM operation: get/set locals
Event: 41.462 Executing VM operation: get/set locals done

Memory protections (0 events):
No events

Nmethod flushes (0 events):
No events

Events (20 events):
Event: 0.731 Thread 0x00000213a89f0580 Thread exited: 0x00000213a89f0580
Event: 0.772 Thread 0x00000213a891a2b0 Thread added: 0x00000213a8be50b0
Event: 1.334 Thread 0x000002138b2b2980 Thread added: 0x00000213ee059690
Event: 1.335 Thread 0x000002138b2b2980 Thread added: 0x00000213ef427420
Event: 1.443 Thread 0x00000213ee059690 Thread added: 0x00000213efa93100
Event: 1.915 Thread 0x00000213a8be50b0 Thread exited: 0x00000213a8be50b0
Event: 1.986 Thread 0x000002138b2b2980 Thread added: 0x00000213eeb9b710
Event: 2.551 Thread 0x00000213a88f6320 Thread added: 0x00000213eef47b80
Event: 2.840 Thread 0x00000213eef47b80 Thread exited: 0x00000213eef47b80
Event: 3.011 Thread 0x000002138b2b2980 Thread added: 0x00000213efbe5600
Event: 3.106 Thread 0x000002138b2b2980 Thread added: 0x00000213efc641c0
Event: 3.118 Thread 0x000002138b2b2980 Thread added: 0x00000213eeda0310
Event: 3.297 Thread 0x00000213eff99ce0 Thread added: 0x00000213eff99ce0
Event: 3.301 Thread 0x000002138b2b2980 Thread added: 0x00000213effd6be0
Event: 4.184 Thread 0x00000213a891a2b0 Thread added: 0x00000213f05970a0
Event: 5.069 Thread 0x00000213f05970a0 Thread exited: 0x00000213f05970a0
Event: 5.175 Thread 0x00000213eeda0310 Thread added: 0x00000213f5700490
Event: 5.612 Thread 0x00000213a891a2b0 Thread added: 0x00000213f594a8e0
Event: 5.891 Thread 0x00000213efbe5600 Thread added: 0x00000213f57037c0
Event: 5.895 Thread 0x00000213f594a8e0 Thread exited: 0x00000213f594a8e0


Dynamic libraries:
0x00007ff6eff60000 - 0x00007ff6eff70000 	C:\Program Files\Java\jdk-24\bin\java.exe
0x00007ffd415f0000 - 0x00007ffd417e8000 	C:\Windows\SYSTEM32\ntdll.dll
0x00007ffd410b0000 - 0x00007ffd41172000 	C:\Windows\System32\KERNEL32.DLL
0x00007ffd3f0b0000 - 0x00007ffd3f3a6000 	C:\Windows\System32\KERNELBASE.dll
0x00007ffd3ee30000 - 0x00007ffd3ef30000 	C:\Windows\System32\ucrtbase.dll
0x00007ffd2b9a0000 - 0x00007ffd2b9b6000 	C:\Program Files\Java\jdk-24\bin\jli.dll
0x00007ffd2b8d0000 - 0x00007ffd2b8eb000 	C:\Program Files\Java\jdk-24\bin\VCRUNTIME140.dll
0x00007ffd3f610000 - 0x00007ffd3f7ad000 	C:\Windows\System32\USER32.dll
0x00007ffd3ef60000 - 0x00007ffd3ef82000 	C:\Windows\System32\win32u.dll
0x00007ffd291b0000 - 0x00007ffd2944a000 	C:\Windows\WinSxS\amd64_microsoft.windows.common-controls_6595b64144ccf1df_6.0.19041.5915_none_60b4b9d171f9c7c7\COMCTL32.dll
0x00007ffd41580000 - 0x00007ffd415ab000 	C:\Windows\System32\GDI32.dll
0x00007ffd405e0000 - 0x00007ffd4067e000 	C:\Windows\System32\msvcrt.dll
0x00007ffd3ef90000 - 0x00007ffd3f0a9000 	C:\Windows\System32\gdi32full.dll
0x00007ffd3ed90000 - 0x00007ffd3ee2d000 	C:\Windows\System32\msvcp_win.dll
0x00007ffd414f0000 - 0x00007ffd4151f000 	C:\Windows\System32\IMM32.DLL
0x00007ffd2b8c0000 - 0x00007ffd2b8cc000 	C:\Program Files\Java\jdk-24\bin\vcruntime140_1.dll
0x00007ffd05040000 - 0x00007ffd050ce000 	C:\Program Files\Java\jdk-24\bin\msvcp140.dll
0x00007ffcf0b00000 - 0x00007ffcf18a2000 	C:\Program Files\Java\jdk-24\bin\server\jvm.dll
0x00007ffd413a0000 - 0x00007ffd41451000 	C:\Windows\System32\ADVAPI32.dll
0x00007ffd40410000 - 0x00007ffd404af000 	C:\Windows\System32\sechost.dll
0x00007ffd411c0000 - 0x00007ffd412e3000 	C:\Windows\System32\RPCRT4.dll
0x00007ffd3ef30000 - 0x00007ffd3ef57000 	C:\Windows\System32\bcrypt.dll
0x00007ffd407a0000 - 0x00007ffd4080b000 	C:\Windows\System32\WS2_32.dll
0x00007ffd3e700000 - 0x00007ffd3e74b000 	C:\Windows\SYSTEM32\POWRPROF.dll
0x00007ffd209a0000 - 0x00007ffd209c7000 	C:\Windows\SYSTEM32\WINMM.dll
0x00007ffd324b0000 - 0x00007ffd324ba000 	C:\Windows\SYSTEM32\VERSION.dll
0x00007ffd3e6e0000 - 0x00007ffd3e6f2000 	C:\Windows\SYSTEM32\UMPDC.dll
0x00007ffd3d460000 - 0x00007ffd3d472000 	C:\Windows\SYSTEM32\kernel.appcore.dll
0x00007ffd2b8b0000 - 0x00007ffd2b8ba000 	C:\Program Files\Java\jdk-24\bin\jimage.dll
0x00007ffd39950000 - 0x00007ffd39b51000 	C:\Windows\SYSTEM32\DBGHELP.DLL
0x00007ffd21040000 - 0x00007ffd21074000 	C:\Windows\SYSTEM32\dbgcore.DLL
0x00007ffd3ec80000 - 0x00007ffd3ed02000 	C:\Windows\System32\bcryptPrimitives.dll
0x00007ffd04c40000 - 0x00007ffd04c7c000 	C:\Program Files\Java\jdk-24\bin\jdwp.dll
0x00007ffcfb920000 - 0x00007ffcfbb2e000 	C:\Users\DILEISY\AppData\Local\Temp\idea_libasyncProfiler_dll_temp_folder2\libasyncProfiler.dll
0x00007ffd29e90000 - 0x00007ffd29e9f000 	C:\Program Files\Java\jdk-24\bin\instrument.dll
0x00007ffd299e0000 - 0x00007ffd299fe000 	C:\Program Files\Java\jdk-24\bin\java.dll
0x00007ffd404b0000 - 0x00007ffd405db000 	C:\Windows\System32\ole32.dll
0x00007ffd3ffe0000 - 0x00007ffd40333000 	C:\Windows\System32\combase.dll
0x00007ffd3f870000 - 0x00007ffd3ffde000 	C:\Windows\System32\SHELL32.dll
0x00007ffd27bb0000 - 0x00007ffd27bc7000 	C:\Program Files\Java\jdk-24\bin\zip.dll
0x00007ffd39b60000 - 0x00007ffd3a304000 	C:\Windows\SYSTEM32\windows.storage.dll
0x00007ffd3e500000 - 0x00007ffd3e52b000 	C:\Windows\SYSTEM32\Wldp.dll
0x00007ffd40340000 - 0x00007ffd4040d000 	C:\Windows\System32\OLEAUT32.dll
0x00007ffd412f0000 - 0x00007ffd4139d000 	C:\Windows\System32\SHCORE.dll
0x00007ffd41520000 - 0x00007ffd4157b000 	C:\Windows\System32\shlwapi.dll
0x00007ffd3ebb0000 - 0x00007ffd3ebd4000 	C:\Windows\SYSTEM32\profapi.dll
0x00007ffcfdc40000 - 0x00007ffcfdd17000 	C:\Program Files\Java\jdk-24\bin\jsvml.dll
0x00007ffd2b810000 - 0x00007ffd2b820000 	C:\Program Files\Java\jdk-24\bin\net.dll
0x00007ffd3e2e0000 - 0x00007ffd3e34a000 	C:\Windows\system32\mswsock.dll
0x00007ffd0f5a0000 - 0x00007ffd0f5b6000 	C:\Program Files\Java\jdk-24\bin\nio.dll
0x00007ffd29e80000 - 0x00007ffd29e8c000 	C:\Program Files\Java\jdk-24\bin\dt_socket.dll
0x00007ffd3dfe0000 - 0x00007ffd3e01b000 	C:\Windows\SYSTEM32\IPHLPAPI.DLL
0x000002138b6d0000 - 0x000002138b6d3000 	C:\Users\DILEISY\.openjfx\cache\21+31\amd64\api-ms-win-core-console-l1-1-0.dll
0x000002138b6e0000 - 0x000002138b6e3000 	C:\Users\DILEISY\.openjfx\cache\21+31\amd64\api-ms-win-core-console-l1-2-0.dll
0x00000213a8bf0000 - 0x00000213a8bf3000 	C:\Users\DILEISY\.openjfx\cache\21+31\amd64\api-ms-win-core-datetime-l1-1-0.dll
0x00000213a8c00000 - 0x00000213a8c03000 	C:\Users\DILEISY\.openjfx\cache\21+31\amd64\api-ms-win-core-debug-l1-1-0.dll
0x00000213a8c10000 - 0x00000213a8c13000 	C:\Users\DILEISY\.openjfx\cache\21+31\amd64\api-ms-win-core-errorhandling-l1-1-0.dll
0x00000213a8c20000 - 0x00000213a8c24000 	C:\Users\DILEISY\.openjfx\cache\21+31\amd64\api-ms-win-core-file-l1-1-0.dll
0x00000213a8c30000 - 0x00000213a8c33000 	C:\Users\DILEISY\.openjfx\cache\21+31\amd64\api-ms-win-core-file-l1-2-0.dll
0x00000213a8c40000 - 0x00000213a8c43000 	C:\Users\DILEISY\.openjfx\cache\21+31\amd64\api-ms-win-core-file-l2-1-0.dll
0x00000213a8c50000 - 0x00000213a8c53000 	C:\Users\DILEISY\.openjfx\cache\21+31\amd64\api-ms-win-core-handle-l1-1-0.dll
0x00000213a8c60000 - 0x00000213a8c63000 	C:\Users\DILEISY\.openjfx\cache\21+31\amd64\api-ms-win-core-heap-l1-1-0.dll
0x00000213a8c70000 - 0x00000213a8c73000 	C:\Users\DILEISY\.openjfx\cache\21+31\amd64\api-ms-win-core-interlocked-l1-1-0.dll
0x00000213a8c80000 - 0x00000213a8c83000 	C:\Users\DILEISY\.openjfx\cache\21+31\amd64\api-ms-win-core-libraryloader-l1-1-0.dll
0x00000213a8c90000 - 0x00000213a8c93000 	C:\Users\DILEISY\.openjfx\cache\21+31\amd64\api-ms-win-core-localization-l1-2-0.dll
0x00000213a8ca0000 - 0x00000213a8ca3000 	C:\Users\DILEISY\.openjfx\cache\21+31\amd64\api-ms-win-core-memory-l1-1-0.dll
0x00000213a8cb0000 - 0x00000213a8cb3000 	C:\Users\DILEISY\.openjfx\cache\21+31\amd64\api-ms-win-core-namedpipe-l1-1-0.dll
0x00000213a8cc0000 - 0x00000213a8cc3000 	C:\Users\DILEISY\.openjfx\cache\21+31\amd64\api-ms-win-core-processenvironment-l1-1-0.dll
0x00000213a8cd0000 - 0x00000213a8cd3000 	C:\Users\DILEISY\.openjfx\cache\21+31\amd64\api-ms-win-core-processthreads-l1-1-0.dll
0x00000213a8ce0000 - 0x00000213a8ce3000 	C:\Users\DILEISY\.openjfx\cache\21+31\amd64\api-ms-win-core-processthreads-l1-1-1.dll
0x00000213a8cf0000 - 0x00000213a8cf3000 	C:\Users\DILEISY\.openjfx\cache\21+31\amd64\api-ms-win-core-profile-l1-1-0.dll
0x00000213a8d00000 - 0x00000213a8d03000 	C:\Users\DILEISY\.openjfx\cache\21+31\amd64\api-ms-win-core-rtlsupport-l1-1-0.dll
0x00000213a8d10000 - 0x00000213a8d13000 	C:\Users\DILEISY\.openjfx\cache\21+31\amd64\api-ms-win-core-string-l1-1-0.dll
0x00000213a8d20000 - 0x00000213a8d23000 	C:\Users\DILEISY\.openjfx\cache\21+31\amd64\api-ms-win-core-synch-l1-1-0.dll
0x00000213a8d30000 - 0x00000213a8d33000 	C:\Users\DILEISY\.openjfx\cache\21+31\amd64\api-ms-win-core-synch-l1-2-0.dll
0x00000213a8d40000 - 0x00000213a8d43000 	C:\Users\DILEISY\.openjfx\cache\21+31\amd64\api-ms-win-core-sysinfo-l1-1-0.dll
0x00000213a8d50000 - 0x00000213a8d53000 	C:\Users\DILEISY\.openjfx\cache\21+31\amd64\api-ms-win-core-timezone-l1-1-0.dll
0x00000213a8d60000 - 0x00000213a8d63000 	C:\Users\DILEISY\.openjfx\cache\21+31\amd64\api-ms-win-core-util-l1-1-0.dll
0x00000213a8d70000 - 0x00000213a8d73000 	C:\Users\DILEISY\.openjfx\cache\21+31\amd64\api-ms-win-crt-conio-l1-1-0.dll
0x00000213a8d80000 - 0x00000213a8d84000 	C:\Users\DILEISY\.openjfx\cache\21+31\amd64\api-ms-win-crt-convert-l1-1-0.dll
0x00000213a8d90000 - 0x00000213a8d93000 	C:\Users\DILEISY\.openjfx\cache\21+31\amd64\api-ms-win-crt-environment-l1-1-0.dll
0x00000213a8da0000 - 0x00000213a8da3000 	C:\Users\DILEISY\.openjfx\cache\21+31\amd64\api-ms-win-crt-filesystem-l1-1-0.dll
0x00000213a8db0000 - 0x00000213a8db3000 	C:\Users\DILEISY\.openjfx\cache\21+31\amd64\api-ms-win-crt-heap-l1-1-0.dll
0x00000213a8dc0000 - 0x00000213a8dc3000 	C:\Users\DILEISY\.openjfx\cache\21+31\amd64\api-ms-win-crt-locale-l1-1-0.dll
0x00000213a8dd0000 - 0x00000213a8dd5000 	C:\Users\DILEISY\.openjfx\cache\21+31\amd64\api-ms-win-crt-math-l1-1-0.dll
0x00000213a8de0000 - 0x00000213a8de5000 	C:\Users\DILEISY\.openjfx\cache\21+31\amd64\api-ms-win-crt-multibyte-l1-1-0.dll
0x00000213a8df0000 - 0x00000213a8e00000 	C:\Users\DILEISY\.openjfx\cache\21+31\amd64\api-ms-win-crt-private-l1-1-0.dll
0x00000213a8e00000 - 0x00000213a8e03000 	C:\Users\DILEISY\.openjfx\cache\21+31\amd64\api-ms-win-crt-process-l1-1-0.dll
0x00000213a8e10000 - 0x00000213a8e14000 	C:\Users\DILEISY\.openjfx\cache\21+31\amd64\api-ms-win-crt-runtime-l1-1-0.dll
0x00000213a8e20000 - 0x00000213a8e24000 	C:\Users\DILEISY\.openjfx\cache\21+31\amd64\api-ms-win-crt-stdio-l1-1-0.dll
0x00000213a8e30000 - 0x00000213a8e34000 	C:\Users\DILEISY\.openjfx\cache\21+31\amd64\api-ms-win-crt-string-l1-1-0.dll
0x00000213a8e40000 - 0x00000213a8e43000 	C:\Users\DILEISY\.openjfx\cache\21+31\amd64\api-ms-win-crt-time-l1-1-0.dll
0x00000213a8e50000 - 0x00000213a8e53000 	C:\Users\DILEISY\.openjfx\cache\21+31\amd64\api-ms-win-crt-utility-l1-1-0.dll
0x00007ffcfb820000 - 0x00007ffcfb91c000 	C:\Users\DILEISY\.openjfx\cache\21+31\amd64\ucrtbase.dll
0x00007ffd27a80000 - 0x00007ffd27a9b000 	C:\Users\DILEISY\.openjfx\cache\21+31\amd64\vcruntime140.dll
0x00007ffd29e50000 - 0x00007ffd29e5c000 	C:\Users\DILEISY\.openjfx\cache\21+31\amd64\vcruntime140_1.dll
0x00007ffd00bf0000 - 0x00007ffd00c7e000 	C:\Users\DILEISY\.openjfx\cache\21+31\amd64\msvcp140.dll
0x00007ffd287d0000 - 0x00007ffd287d9000 	C:\Users\DILEISY\.openjfx\cache\21+31\amd64\msvcp140_1.dll
0x00007ffd079a0000 - 0x00007ffd079cf000 	C:\Users\DILEISY\.openjfx\cache\21+31\amd64\msvcp140_2.dll
0x00007ffd03ab0000 - 0x00007ffd03adf000 	C:\Users\DILEISY\.openjfx\cache\21+31\amd64\prism_d3d.dll
0x00007ffce4390000 - 0x00007ffce4561000 	C:\Windows\system32\d3d9.dll
0x00007ffd393b0000 - 0x00007ffd393df000 	C:\Windows\SYSTEM32\dwmapi.dll
0x00007ffd391c0000 - 0x00007ffd3925e000 	C:\Windows\system32\uxtheme.dll
0x00007ffce93c0000 - 0x00007ffce9525000 	C:\Windows\System32\DriverStore\FileRepository\iigd_dch.inf_amd64_2687b494da5e552a\igdumdim64.dll
0x00007ffcb0fd0000 - 0x00007ffcb4c5b000 	C:\Windows\System32\DriverStore\FileRepository\iigd_dch.inf_amd64_2687b494da5e552a\igd9dxva64.dll
0x00007ffd40a70000 - 0x00007ffd40ee0000 	C:\Windows\System32\SETUPAPI.dll
0x00007ffd3f5c0000 - 0x00007ffd3f60e000 	C:\Windows\System32\cfgmgr32.dll
0x00007ffd2fa00000 - 0x00007ffd2fd36000 	C:\Windows\System32\DriverStore\FileRepository\iigd_dch.inf_amd64_2687b494da5e552a\igdgmm64.dll
0x00007ffcffe60000 - 0x00007ffcffea2000 	C:\Users\DILEISY\.openjfx\cache\21+31\amd64\glass.dll
0x00007ffd40ef0000 - 0x00007ffd40fca000 	C:\Windows\System32\COMDLG32.dll
0x00007ffd40680000 - 0x00007ffd40795000 	C:\Windows\System32\MSCTF.dll
0x00007ffd2b970000 - 0x00007ffd2b997000 	C:\Windows\System32\DriverStore\FileRepository\iigd_dch.inf_amd64_2687b494da5e552a\igdinfo64.dll
0x00007ffd2cc70000 - 0x00007ffd2f9ff000 	C:\Windows\System32\DriverStore\FileRepository\iigd_dch.inf_amd64_2687b494da5e552a\igc64.dll
0x00007ffd36260000 - 0x00007ffd3629b000 	C:\Windows\SYSTEM32\dxcore.dll
0x00007ffd025b0000 - 0x00007ffd025dd000 	C:\Users\DILEISY\.openjfx\cache\21+31\amd64\javafx_iio.dll
0x00007ffd0f540000 - 0x00007ffd0f554000 	C:\Users\DILEISY\.openjfx\cache\21+31\amd64\javafx_font.dll
0x00007ffd2b410000 - 0x00007ffd2b68f000 	C:\Windows\SYSTEM32\dwrite.dll
0x00007ffd409c0000 - 0x00007ffd40a69000 	C:\Windows\System32\clbcatq.dll
0x00007ffd38e70000 - 0x00007ffd39026000 	C:\Windows\SYSTEM32\WindowsCodecs.dll
0x00007ffd26910000 - 0x00007ffd2694e000 	C:\Windows\system32\dataexchange.dll
0x00007ffd37960000 - 0x00007ffd37b44000 	C:\Windows\system32\dcomp.dll
0x00007ffd36b50000 - 0x00007ffd36db4000 	C:\Windows\system32\d3d11.dll
0x00007ffd3d4d0000 - 0x00007ffd3d5c6000 	C:\Windows\system32\dxgi.dll
0x00007ffd33ff0000 - 0x00007ffd341f3000 	C:\Windows\system32\twinapi.appcore.dll
0x00007ffcffbb0000 - 0x00007ffcffbe4000 	C:\Program Files\Common Files\Microsoft Shared\Ink\rtscom.dll
0x00007ffd2c350000 - 0x00007ffd2c449000 	C:\Windows\SYSTEM32\textinputframework.dll
0x00007ffd37bb0000 - 0x00007ffd37f0b000 	C:\Windows\System32\CoreUIComponents.dll
0x00007ffd38290000 - 0x00007ffd38382000 	C:\Windows\System32\CoreMessaging.dll

JVMTI agents:
jdwp path:C:\Program Files\Java\jdk-24\bin\jdwp.dll, loaded, initialized, options:transport=dt_socket,address=127.0.0.1:60064,suspend=y,server=n
C:\Users\DILEISY\AppData\Local\Temp\idea_libasyncProfiler_dll_temp_folder2\libasyncProfiler.dll path:C:\Users\DILEISY\AppData\Local\Temp\idea_libasyncProfiler_dll_temp_folder2\libasyncProfiler.dll, loaded, initialized, options:version,jfr,event=wall,interval=10ms,cstack=no,file=C:\Users\DILEISY\IdeaSnapshots\HelloApplication_2025_07_18_010343.jfr,dbghelppath=C:\Users\DILEISY\AppData\Local\Temp\idea_dbghelp_dll_temp_folder\dbghelp.dll,log=C:\Users\DILEISY\AppData\Local\Temp\HelloApplication_2025_07_18_010343.jfr.log.txt,logLevel=DEBUG
C:\Users\DILEISY\AppData\Local\JetBrains\IntelliJIdea2024.3\captureAgent\debugger-agent.jar path:C:\Program Files\Java\jdk-24\bin\instrument.dll, loaded, initialized, instrumentlib options:none

dbghelp: loaded successfully - version: 4.0.5 - missing functions: none
symbol engine: initialized successfully - sym options: 0x614 - pdb path: .;C:\Program Files\Java\jdk-24\bin;C:\Windows\SYSTEM32;C:\Windows\WinSxS\amd64_microsoft.windows.common-controls_6595b64144ccf1df_6.0.19041.5915_none_60b4b9d171f9c7c7;C:\Program Files\Java\jdk-24\bin\server;C:\Users\DILEISY\AppData\Local\Temp\idea_libasyncProfiler_dll_temp_folder2;C:\Users\DILEISY\.openjfx\cache\21+31\amd64;C:\Windows\System32\DriverStore\FileRepository\iigd_dch.inf_amd64_2687b494da5e552a;C:\Program Files\Common Files\Microsoft Shared\Ink

VM Arguments:
jvm_args: -agentlib:jdwp=transport=dt_socket,address=127.0.0.1:60064,suspend=y,server=n -agentpath:C:\Users\DILEISY\AppData\Local\Temp\idea_libasyncProfiler_dll_temp_folder2\libasyncProfiler.dll=version,jfr,event=wall,interval=10ms,cstack=no,file=C:\Users\DILEISY\IdeaSnapshots\HelloApplication_2025_07_18_010343.jfr,dbghelppath=C:\Users\DILEISY\AppData\Local\Temp\idea_dbghelp_dll_temp_folder\dbghelp.dll,log=C:\Users\DILEISY\AppData\Local\Temp\HelloApplication_2025_07_18_010343.jfr.log.txt,logLevel=DEBUG -javaagent:C:\Users\DILEISY\AppData\Local\JetBrains\IntelliJIdea2024.3\captureAgent\debugger-agent.jar -Dkotlinx.coroutines.debug.enable.creation.stack.trace=false -Ddebugger.agent.enable.coroutines=true -Dkotlinx.coroutines.debug.enable.flows.stack.trace=true -Dkotlinx.coroutines.debug.enable.mutable.state.flows.stack.trace=true -Dfile.encoding=UTF-8 -Dsun.stdout.encoding=UTF-8 -Dsun.stderr.encoding=UTF-8 --module-path=C:\Users\DILEISY\.m2\repository\org\kordamp\bootstrapfx\bootstrapfx-core\0.4.0\bootstrapfx-core-0.4.0.jar;C:\Users\DILEISY\.m2\repository\org\openjfx\javafx-fxml\21\javafx-fxml-21-win.jar;C:\Users\DILEISY\.m2\repository\org\openjfx\javafx-graphics\21\javafx-graphics-21-win.jar;C:\Users\DILEISY\.m2\repository\com\fasterxml\jackson\core\jackson-annotations\2.15.3\jackson-annotations-2.15.3.jar;C:\Users\DILEISY\.m2\repository\org\openjfx\javafx-base\21\javafx-base-21-win.jar;C:\Users\DILEISY\.m2\repository\org\mindrot\jbcrypt\0.4\jbcrypt-0.4.jar;C:\Users\DILEISY\IdeaProjects\proyectoGaticueva\target\classes;C:\Users\DILEISY\.m2\repository\com\fasterxml\jackson\core\jackson-databind\2.15.3\jackson-databind-2.15.3.jar;C:\Users\DILEISY\.m2\repository\com\fasterxml\jackson\datatype\jackson-datatype-jsr310\2.17.1\jackson-datatype-jsr310-2.17.1.jar;C:\Users\DILEISY\.m2\repository\org\openjfx\javafx-controls\21\javafx-controls-21-win.jar;C:\Users\DILEISY\.m2\repository\com\fasterxml\jackson\core\jackson-core\2.15.3\jackson-core-2.15.3.jar -Djdk.module.main=com.example.proyectogaticueva 
java_command: com.example.proyectogaticueva/com.example.proyectogaticueva.HelloApplication
java_class_path (initial): C:\Users\DILEISY\.m2\repository\org\openjfx\javafx-controls\21\javafx-controls-21.jar;C:\Users\DILEISY\.m2\repository\org\openjfx\javafx-graphics\21\javafx-graphics-21.jar;C:\Users\DILEISY\.m2\repository\org\openjfx\javafx-base\21\javafx-base-21.jar;C:\Users\DILEISY\.m2\repository\org\openjfx\javafx-fxml\21\javafx-fxml-21.jar;C:\Program Files\JetBrains\IntelliJ IDEA 2024.3.4.1\lib\idea_rt.jar
Launcher Type: SUN_STANDARD

[Global flags]
     intx CICompilerCount                          = 3                                         {product} {ergonomic}
     uint ConcGCThreads                            = 1                                         {product} {ergonomic}
     uint G1ConcRefinementThreads                  = 4                                         {product} {ergonomic}
   size_t G1HeapRegionSize                         = 1048576                                   {product} {ergonomic}
   size_t InitialHeapSize                          = 134217728                                 {product} {ergonomic}
   size_t MarkStackSize                            = 4194304                                   {product} {ergonomic}
   size_t MarkStackSizeMax                         = 536870912                                 {product} {ergonomic}
   size_t MaxHeapSize                              = 2122317824                                {product} {ergonomic}
   size_t MaxNewSize                               = 1272971264                                {product} {ergonomic}
   size_t MinHeapDeltaBytes                        = 1048576                                   {product} {ergonomic}
   size_t MinHeapSize                              = 8388608                                   {product} {ergonomic}
    uintx NonNMethodCodeHeapSize                   = 5832704                                {pd product} {ergonomic}
    uintx NonProfiledCodeHeapSize                  = 122945536                              {pd product} {ergonomic}
    uintx ProfiledCodeHeapSize                     = 122880000                              {pd product} {ergonomic}
    uintx ReservedCodeCacheSize                    = 251658240                              {pd product} {ergonomic}
     bool SegmentedCodeCache                       = true                                      {product} {ergonomic}
   size_t SoftMaxHeapSize                          = 2122317824                             {manageable} {ergonomic}
     bool UseCompressedOops                        = true                           {product lp64_product} {ergonomic}
     bool UseG1GC                                  = true                                      {product} {ergonomic}
     bool UseLargePagesIndividualAllocation        = false                                  {pd product} {ergonomic}

Logging:
Log output configuration:
 #0: stdout all=warning uptime,level,tags foldmultilines=false
 #1: stderr all=off uptime,level,tags foldmultilines=false

Environment Variables:
PATH=C:\Program Files\Common Files\Oracle\Java\javapath;C:\Program Files (x86)\Common Files\Oracle\Java\javapath;C:\Python310\Scripts\;C:\Python310\;C:\Program Files\Eclipse Foundation\jdk-8.0.302.8-hotspot\bin;C:\Windows\system32;C:\Windows;C:\Windows\System32\Wbem;C:\Windows\System32\WindowsPowerShell\v1.0\;C:\Windows\System32\OpenSSH\;C:\Program Files\PuTTY\;C:\Program Files\dotnet\;C:\Program Files\Microsoft SQL Server\130\Tools\Binn\;C:\Program Files\Microsoft SQL Server\Client SDK\ODBC\170\Tools\Binn\;C:\Program Files\Azure Data Studio\bin;C:\Program Files (x86)\Microsoft SQL Server\150\Tools\Binn\;C:\Program Files\Microsoft SQL Server\150\Tools\Binn\;C:\Program Files\Microsoft SQL Server\150\DTS\Binn\;C:\Program Files (x86)\Microsoft SQL Server\150\DTS\Binn\;C:\Program Files\Git\cmd;C:\ProgramData\chocolatey\bin;;C:\Program Files\Docker\Docker\resources\bin;C:\Program Files\nodejs\;C:\Users\DILEISY\AppData\Local\Microsoft\WindowsApps;C:\Users\DILEISY\.dotnet\tools;C:\Users\DILEISY\AppData\Local\GitHubDesktop\bin;C:\Program Files\Azure Data Studio\bin;C:\Users\DILEISY\AppData\Local\Programs\Microsoft VS Code\bin;C:\Users\DILEISY\AppData\Roaming\npm;C:\Program Files\JetBrains\IntelliJ IDEA 2024.3.4.1\bin;
USERNAME=DILEISY
OS=Windows_NT
PROCESSOR_IDENTIFIER=Intel64 Family 6 Model 142 Stepping 9, GenuineIntel
TMP=C:\Users\DILEISY\AppData\Local\Temp
TEMP=C:\Users\DILEISY\AppData\Local\Temp




Periodic native trim disabled

---------------  S Y S T E M  ---------------

OS:
 Windows 10 , 64 bit Build 19041 (10.0.19041.5915)
OS uptime: 2 days 9:00 hours
Hyper-V role detected

CPU: total 4 (initial active 4) (2 cores per cpu, 2 threads per core) family 6 model 142 stepping 9 microcode 0xf4, cx8, cmov, fxsr, ht, mmx, 3dnowpref, sse, sse2, sse3, ssse3, sse4.1, sse4.2, popcnt, lzcnt, tsc, tscinvbit, avx, avx2, aes, erms, clmul, bmi1, bmi2, adx, fma, vzeroupper, clflush, clflushopt, hv, rdtscp, f16c
Processor Information for the first 4 processors :
  Max Mhz: 2304, Current Mhz: 2304, Mhz Limit: 2304

Memory: 4k page, system-wide physical 8088M (807M free)
TotalPageFile size 16021M (AvailPageFile size 3086M)
current process WorkingSet (physical memory assigned to process): 195M, peak: 233M
current process commit charge ("private bytes"): 254M, peak: 331M

vm_info: Java HotSpot(TM) 64-Bit Server VM (24.0.1+9-30) for windows-amd64 JRE (24.0.1+9-30), built on 2025-03-05T07:23:45Z with MS VC++ 17.6 (VS2022)

END.
